<?xml version="1.0" encoding="UTF-8"?>
<testsuite xmlns:xsi="http://www.w3.org/2001/XMLSchema-instance" xsi:noNamespaceSchemaLocation="https://maven.apache.org/surefire/maven-surefire-plugin/xsd/surefire-test-report.xsd" version="3.0.2" name="com.student.monitoring_demo.MonitoringDemoApplicationTests" time="2.439" tests="1" errors="0" skipped="0" failures="0">
  <properties>
[...]
</properties>
  <testcase name="contextLoads" classname="com.student.monitoring_demo.MonitoringDemoApplicationTests" time="0.471">
    <system-out><![CDATA[14:55:09.271 [main] INFO org.springframework.test.context.support.AnnotationConfigContextLoaderUtils -- Could not detect default configuration classes for test class [com.student.monitoring_demo.MonitoringDemoApplicationTests]: MonitoringDemoApplicationTests does not declare any static, non-private, non-final, nested classes annotated with @Configuration.
14:55:09.419 [main] INFO org.springframework.boot.test.context.SpringBootTestContextBootstrapper -- Found @SpringBootConfiguration com.student.monitoring_demo.MonitoringDemoApplication for test class com.student.monitoring_demo.MonitoringDemoApplicationTests

  .   ____          _            __ _ _
 /\\ / ___'_ __ _ _(_)_ __  __ _ \ \ \ \
( ( )\___ | '_ | '_| | '_ \/ _` | \ \ \ \
 \\/  ___)| |_)| | | | | || (_| |  ) ) ) )
  '  |____| .__|_| |_|_| |_\__, | / / / /
 =========|_|==============|___/=/_/_/_/

 :: Spring Boot ::                (v4.0.1)

2025-12-22T14:55:09.744+07:00  INFO 27836 --- [monitoring-demo] [           main] c.s.m.MonitoringDemoApplicationTests     : Starting MonitoringDemoApplicationTests using Java 24.0.1 with PID 27836 (started by Minh Tan in D:\DEMO-monitoring-grafana-prometheus\monitoring-demo)
2025-12-22T14:55:09.746+07:00  INFO 27836 --- [monitoring-demo] [           main] c.s.m.MonitoringDemoApplicationTests     : No active profile set, falling back to 1 default profile: "default"
2025-12-22T14:55:10.947+07:00  INFO 27836 --- [monitoring-demo] [           main] o.s.b.a.e.web.EndpointLinksResolver      : Exposing 2 endpoints beneath base path '/actuator'
2025-12-22T14:55:10.997+07:00  INFO 27836 --- [monitoring-demo] [           main] c.s.m.MonitoringDemoApplicationTests     : Started MonitoringDemoApplicationTests in 1.453 seconds (process running for 2.443)
]]></system-out>
    <system-err><![CDATA[Mockito is currently self-attaching to enable the inline-mock-maker. This will no longer work in future releases of the JDK. Please add Mockito as an agent to your build as described in Mockito's documentation: https://javadoc.io/doc/org.mockito/mockito-core/latest/org.mockito/org/mockito/Mockito.html#0.3
WARNING: A Java agent has been loaded dynamically (C:\Users\Minh Tan\.m2\repository\net\bytebuddy\byte-buddy-agent\1.17.8\byte-buddy-agent-1.17.8.jar)
WARNING: If a serviceability tool is in use, please run with -XX:+EnableDynamicAgentLoading to hide this warning
WARNING: If a serviceability tool is not in use, please run with -Djdk.instrument.traceUsage for more information
WARNING: Dynamic loading of agents will be disallowed by default in a future release
]]></system-err>
  </testcase>
</testsuite>